<?xml version="1.0" encoding="UTF-8"?>
<!-- Generated by org.testng.reporters.JUnitReportReporter -->
<testsuite hostname="hp-pc" failures="0" tests="1" name="testrunner.YlightingRunner" time="62.428" errors="0" timestamp="2021-05-19T13:09:22 IST" skipped="0">
  <testcase classname="testrunner.YlightingRunner" name="TC18_Logo" time="62.428"/>
  <system-out/>
</testsuite> <!-- testrunner.YlightingRunner -->
