<?xml version="1.0" encoding="UTF-8"?>
<!-- Generated by org.testng.reporters.JUnitReportReporter -->
<testsuite hostname="hp-pc" failures="0" tests="1" name="testrunner.YlightingRunner" time="80.355" errors="0" timestamp="2021-05-21T13:31:41 IST" skipped="0">
  <testcase classname="testrunner.YlightingRunner" name="TC1_CreateAccount" time="80.355"/>
  <system-out/>
</testsuite> <!-- testrunner.YlightingRunner -->
